c:\users\bernardo\desktop\nova pasta\poo\projetofinal\projetofinal\debug\vc142.pdb
c:\users\bernardo\desktop\nova pasta\poo\projetofinal\projetofinal\debug\vc142.idb
c:\users\bernardo\desktop\nova pasta\poo\projetofinal\projetofinal\debug\objeto.obj
c:\users\bernardo\desktop\nova pasta\poo\projetofinal\projetofinal\debug\aresta.obj
c:\users\bernardo\desktop\nova pasta\poo\projetofinal\projetofinal\debug\vertice.obj
c:\users\bernardo\desktop\nova pasta\poo\projetofinal\projetofinal\debug\face.obj
c:\users\bernardo\desktop\nova pasta\poo\projetofinal\projetofinal\debug\modelo.obj
c:\users\bernardo\desktop\nova pasta\poo\projetofinal\projetofinal\debug\main.obj
c:\users\bernardo\desktop\nova pasta\poo\projetofinal\projetofinal\debug\sgestao.obj
c:\users\bernardo\desktop\nova pasta\poo\projetofinal\projetofinal\debug\vc141.idb
c:\users\bernardo\desktop\nova pasta\poo\projetofinal\projetofinal\debug\vc141.pdb
c:\users\bernardo\desktop\nova pasta\poo\projetofinal\debug\projetofinal.pdb
c:\users\bernardo\desktop\nova pasta\poo\projetofinal\projetofinal\debug\projetofinal.tlog\cl.command.1.tlog
c:\users\bernardo\desktop\nova pasta\poo\projetofinal\projetofinal\debug\projetofinal.tlog\cl.read.1.tlog
c:\users\bernardo\desktop\nova pasta\poo\projetofinal\projetofinal\debug\projetofinal.tlog\cl.write.1.tlog
c:\users\bernardo\desktop\nova pasta\poo\projetofinal\projetofinal\debug\projetofinal.tlog\link-cvtres.read.1.tlog
c:\users\bernardo\desktop\nova pasta\poo\projetofinal\projetofinal\debug\projetofinal.tlog\link-cvtres.write.1.tlog
c:\users\bernardo\desktop\nova pasta\poo\projetofinal\projetofinal\debug\projetofinal.tlog\link-rc.read.1.tlog
c:\users\bernardo\desktop\nova pasta\poo\projetofinal\projetofinal\debug\projetofinal.tlog\link-rc.write.1.tlog
c:\users\bernardo\desktop\nova pasta\poo\projetofinal\projetofinal\debug\projetofinal.tlog\link.7308-cvtres.read.1.tlog
c:\users\bernardo\desktop\nova pasta\poo\projetofinal\projetofinal\debug\projetofinal.tlog\link.7308-cvtres.write.1.tlog
c:\users\bernardo\desktop\nova pasta\poo\projetofinal\projetofinal\debug\projetofinal.tlog\link.7308-rc.read.1.tlog
c:\users\bernardo\desktop\nova pasta\poo\projetofinal\projetofinal\debug\projetofinal.tlog\link.7308-rc.write.1.tlog
c:\users\bernardo\desktop\nova pasta\poo\projetofinal\projetofinal\debug\projetofinal.tlog\link.7308.read.1.tlog
c:\users\bernardo\desktop\nova pasta\poo\projetofinal\projetofinal\debug\projetofinal.tlog\link.7308.write.1.tlog
c:\users\bernardo\desktop\nova pasta\poo\projetofinal\projetofinal\debug\projetofinal.tlog\link.command.1.tlog
c:\users\bernardo\desktop\nova pasta\poo\projetofinal\projetofinal\debug\projetofinal.tlog\link.read.1.tlog
c:\users\bernardo\desktop\nova pasta\poo\projetofinal\projetofinal\debug\projetofinal.tlog\link.write.1.tlog
